<?xml version="1.0" encoding="UTF-8"?>
<!-- Generated by org.testng.reporters.JUnitXMLReporter -->
<testsuite ignored="0" hostname="LAPTOP-5ULR2249" failures="0" tests="8" name="Test" time="39.53" errors="0" timestamp="2023-02-25T09:15:04 IST">
  <testcase classname="com.Scopex.TestPackage.TC01_VerifyContantUsFunctionality" name="VerifyContancUsClickFunctionality" time="0.168"/>
  <testcase classname="com.Scopex.TestPackage.TC01_VerifyContantUsFunctionality" name="VerifyNameTextboxEnabledfunctionality" time="0.091"/>
  <testcase classname="com.Scopex.TestPackage.TC01_VerifyContantUsFunctionality" name="VerifyEmailTextboxEnabledfunctionality" time="0.091"/>
  <testcase classname="com.Scopex.TestPackage.TC01_VerifyContantUsFunctionality" name="VerifyMessageTextboxEnabledfunctionality" time="0.203"/>
  <testcase classname="com.Scopex.TestPackage.TC02_VerifyFAQsFunctionality" name="VerifyFAQsFunctionality" time="0.162"/>
  <testcase classname="com.Scopex.TestPackage.TC03_VerifyRegisterFuctionality" name="VerifyRegisterFuctionality" time="0.181"/>
  <testcase classname="com.Scopex.TestPackage.TC04_VerifyLoginFunctionality" name="VerifyLoginPageFunctionality" time="0.187"/>
  <testcase classname="com.Scopex.TestPackage.TC04_VerifyLoginFunctionality" name="VerifyLoginActivityFunctionality" time="3.556"/>
</testsuite> <!-- Test -->
