<?xml version="1.0" encoding="UTF-8"?>
<testng-results ignored="0" total="8" passed="8" failed="0" skipped="0">
  <reporter-output>
  </reporter-output>
  <suite started-at="2023-02-25T09:14:25 IST" name="Suite" finished-at="2023-02-25T09:15:04 IST" duration-ms="39530">
    <groups>
    </groups>
    <test started-at="2023-02-25T09:14:25 IST" name="Test" finished-at="2023-02-25T09:15:04 IST" duration-ms="39530">
      <class name="com.Scopex.TestPackage.TC03_VerifyRegisterFuctionality">
        <test-method is-config="true" signature="setup(java.lang.String)[pri:0, instance:com.Scopex.TestPackage.TC03_VerifyRegisterFuctionality@3f6f6701]" started-at="2023-02-25T09:14:48 IST" name="setup" finished-at="2023-02-25T09:14:52 IST" duration-ms="4429" status="PASS">
          <params>
            <param index="0">
              <value>
                <![CDATA[chrome]]>
              </value>
            </param>
          </params>
          <reporter-output>
          </reporter-output>
        </test-method> <!-- setup -->
        <test-method signature="VerifyRegisterFuctionality()[pri:0, instance:com.Scopex.TestPackage.TC03_VerifyRegisterFuctionality@3f6f6701]" started-at="2023-02-25T09:14:52 IST" name="VerifyRegisterFuctionality" finished-at="2023-02-25T09:14:52 IST" duration-ms="181" status="PASS">
          <reporter-output>
          </reporter-output>
        </test-method> <!-- VerifyRegisterFuctionality -->
        <test-method is-config="true" signature="teardown()[pri:0, instance:com.Scopex.TestPackage.TC03_VerifyRegisterFuctionality@3f6f6701]" started-at="2023-02-25T09:14:52 IST" name="teardown" finished-at="2023-02-25T09:14:52 IST" duration-ms="126" status="PASS">
          <reporter-output>
          </reporter-output>
        </test-method> <!-- teardown -->
      </class> <!-- com.Scopex.TestPackage.TC03_VerifyRegisterFuctionality -->
      <class name="com.Scopex.TestPackage.TC02_VerifyFAQsFunctionality">
        <test-method is-config="true" signature="setup(java.lang.String)[pri:0, instance:com.Scopex.TestPackage.TC02_VerifyFAQsFunctionality@242b836]" started-at="2023-02-25T09:14:44 IST" name="setup" finished-at="2023-02-25T09:14:47 IST" duration-ms="3693" status="PASS">
          <params>
            <param index="0">
              <value>
                <![CDATA[chrome]]>
              </value>
            </param>
          </params>
          <reporter-output>
          </reporter-output>
        </test-method> <!-- setup -->
        <test-method signature="VerifyFAQsFunctionality()[pri:0, instance:com.Scopex.TestPackage.TC02_VerifyFAQsFunctionality@242b836]" started-at="2023-02-25T09:14:47 IST" name="VerifyFAQsFunctionality" finished-at="2023-02-25T09:14:48 IST" duration-ms="162" status="PASS">
          <reporter-output>
          </reporter-output>
        </test-method> <!-- VerifyFAQsFunctionality -->
        <test-method is-config="true" signature="teardown()[pri:0, instance:com.Scopex.TestPackage.TC02_VerifyFAQsFunctionality@242b836]" started-at="2023-02-25T09:14:48 IST" name="teardown" finished-at="2023-02-25T09:14:48 IST" duration-ms="123" status="PASS">
          <reporter-output>
          </reporter-output>
        </test-method> <!-- teardown -->
      </class> <!-- com.Scopex.TestPackage.TC02_VerifyFAQsFunctionality -->
      <class name="com.Scopex.TestPackage.TC01_VerifyContantUsFunctionality">
        <test-method is-config="true" signature="setup(java.lang.String)[pri:0, instance:com.Scopex.TestPackage.TC01_VerifyContantUsFunctionality@434a63ab]" started-at="2023-02-25T09:14:25 IST" name="setup" finished-at="2023-02-25T09:14:31 IST" duration-ms="5835" status="PASS">
          <params>
            <param index="0">
              <value>
                <![CDATA[chrome]]>
              </value>
            </param>
          </params>
          <reporter-output>
          </reporter-output>
        </test-method> <!-- setup -->
        <test-method signature="VerifyContancUsClickFunctionality()[pri:1, instance:com.Scopex.TestPackage.TC01_VerifyContantUsFunctionality@434a63ab]" started-at="2023-02-25T09:14:31 IST" name="VerifyContancUsClickFunctionality" finished-at="2023-02-25T09:14:31 IST" duration-ms="168" status="PASS">
          <reporter-output>
          </reporter-output>
        </test-method> <!-- VerifyContancUsClickFunctionality -->
        <test-method is-config="true" signature="teardown()[pri:0, instance:com.Scopex.TestPackage.TC01_VerifyContantUsFunctionality@434a63ab]" started-at="2023-02-25T09:14:31 IST" name="teardown" finished-at="2023-02-25T09:14:31 IST" duration-ms="223" status="PASS">
          <reporter-output>
          </reporter-output>
        </test-method> <!-- teardown -->
        <test-method is-config="true" signature="setup(java.lang.String)[pri:0, instance:com.Scopex.TestPackage.TC01_VerifyContantUsFunctionality@434a63ab]" started-at="2023-02-25T09:14:31 IST" name="setup" finished-at="2023-02-25T09:14:35 IST" duration-ms="4473" status="PASS">
          <params>
            <param index="0">
              <value>
                <![CDATA[chrome]]>
              </value>
            </param>
          </params>
          <reporter-output>
          </reporter-output>
        </test-method> <!-- setup -->
        <test-method signature="VerifyNameTextboxEnabledfunctionality()[pri:2, instance:com.Scopex.TestPackage.TC01_VerifyContantUsFunctionality@434a63ab]" started-at="2023-02-25T09:14:35 IST" name="VerifyNameTextboxEnabledfunctionality" finished-at="2023-02-25T09:14:36 IST" duration-ms="91" status="PASS">
          <reporter-output>
          </reporter-output>
        </test-method> <!-- VerifyNameTextboxEnabledfunctionality -->
        <test-method is-config="true" signature="teardown()[pri:0, instance:com.Scopex.TestPackage.TC01_VerifyContantUsFunctionality@434a63ab]" started-at="2023-02-25T09:14:36 IST" name="teardown" finished-at="2023-02-25T09:14:36 IST" duration-ms="183" status="PASS">
          <reporter-output>
          </reporter-output>
        </test-method> <!-- teardown -->
        <test-method is-config="true" signature="setup(java.lang.String)[pri:0, instance:com.Scopex.TestPackage.TC01_VerifyContantUsFunctionality@434a63ab]" started-at="2023-02-25T09:14:36 IST" name="setup" finished-at="2023-02-25T09:14:39 IST" duration-ms="3554" status="PASS">
          <params>
            <param index="0">
              <value>
                <![CDATA[chrome]]>
              </value>
            </param>
          </params>
          <reporter-output>
          </reporter-output>
        </test-method> <!-- setup -->
        <test-method signature="VerifyEmailTextboxEnabledfunctionality()[pri:3, instance:com.Scopex.TestPackage.TC01_VerifyContantUsFunctionality@434a63ab]" started-at="2023-02-25T09:14:39 IST" name="VerifyEmailTextboxEnabledfunctionality" finished-at="2023-02-25T09:14:39 IST" duration-ms="91" status="PASS">
          <reporter-output>
          </reporter-output>
        </test-method> <!-- VerifyEmailTextboxEnabledfunctionality -->
        <test-method is-config="true" signature="teardown()[pri:0, instance:com.Scopex.TestPackage.TC01_VerifyContantUsFunctionality@434a63ab]" started-at="2023-02-25T09:14:39 IST" name="teardown" finished-at="2023-02-25T09:14:39 IST" duration-ms="158" status="PASS">
          <reporter-output>
          </reporter-output>
        </test-method> <!-- teardown -->
        <test-method is-config="true" signature="setup(java.lang.String)[pri:0, instance:com.Scopex.TestPackage.TC01_VerifyContantUsFunctionality@434a63ab]" started-at="2023-02-25T09:14:39 IST" name="setup" finished-at="2023-02-25T09:14:43 IST" duration-ms="3901" status="PASS">
          <params>
            <param index="0">
              <value>
                <![CDATA[chrome]]>
              </value>
            </param>
          </params>
          <reporter-output>
          </reporter-output>
        </test-method> <!-- setup -->
        <test-method signature="VerifyMessageTextboxEnabledfunctionality()[pri:3, instance:com.Scopex.TestPackage.TC01_VerifyContantUsFunctionality@434a63ab]" started-at="2023-02-25T09:14:43 IST" name="VerifyMessageTextboxEnabledfunctionality" finished-at="2023-02-25T09:14:44 IST" duration-ms="203" status="PASS">
          <reporter-output>
          </reporter-output>
        </test-method> <!-- VerifyMessageTextboxEnabledfunctionality -->
        <test-method is-config="true" signature="teardown()[pri:0, instance:com.Scopex.TestPackage.TC01_VerifyContantUsFunctionality@434a63ab]" started-at="2023-02-25T09:14:44 IST" name="teardown" finished-at="2023-02-25T09:14:44 IST" duration-ms="172" status="PASS">
          <reporter-output>
          </reporter-output>
        </test-method> <!-- teardown -->
      </class> <!-- com.Scopex.TestPackage.TC01_VerifyContantUsFunctionality -->
      <class name="com.Scopex.TestPackage.TC04_VerifyLoginFunctionality">
        <test-method is-config="true" signature="setup(java.lang.String)[pri:0, instance:com.Scopex.TestPackage.TC04_VerifyLoginFunctionality@1ed6388a]" started-at="2023-02-25T09:14:52 IST" name="setup" finished-at="2023-02-25T09:14:56 IST" duration-ms="3772" status="PASS">
          <params>
            <param index="0">
              <value>
                <![CDATA[chrome]]>
              </value>
            </param>
          </params>
          <reporter-output>
          </reporter-output>
        </test-method> <!-- setup -->
        <test-method signature="VerifyLoginPageFunctionality()[pri:1, instance:com.Scopex.TestPackage.TC04_VerifyLoginFunctionality@1ed6388a]" started-at="2023-02-25T09:14:56 IST" name="VerifyLoginPageFunctionality" finished-at="2023-02-25T09:14:56 IST" duration-ms="187" status="PASS">
          <reporter-output>
          </reporter-output>
        </test-method> <!-- VerifyLoginPageFunctionality -->
        <test-method is-config="true" signature="teardown()[pri:0, instance:com.Scopex.TestPackage.TC04_VerifyLoginFunctionality@1ed6388a]" started-at="2023-02-25T09:14:56 IST" name="teardown" finished-at="2023-02-25T09:14:57 IST" duration-ms="179" status="PASS">
          <reporter-output>
          </reporter-output>
        </test-method> <!-- teardown -->
        <test-method is-config="true" signature="setup(java.lang.String)[pri:0, instance:com.Scopex.TestPackage.TC04_VerifyLoginFunctionality@1ed6388a]" started-at="2023-02-25T09:14:57 IST" name="setup" finished-at="2023-02-25T09:15:00 IST" duration-ms="3814" status="PASS">
          <params>
            <param index="0">
              <value>
                <![CDATA[chrome]]>
              </value>
            </param>
          </params>
          <reporter-output>
          </reporter-output>
        </test-method> <!-- setup -->
        <test-method signature="VerifyLoginActivityFunctionality()[pri:2, instance:com.Scopex.TestPackage.TC04_VerifyLoginFunctionality@1ed6388a]" started-at="2023-02-25T09:15:00 IST" name="VerifyLoginActivityFunctionality" finished-at="2023-02-25T09:15:04 IST" duration-ms="3556" status="PASS">
          <reporter-output>
          </reporter-output>
        </test-method> <!-- VerifyLoginActivityFunctionality -->
        <test-method is-config="true" signature="teardown()[pri:0, instance:com.Scopex.TestPackage.TC04_VerifyLoginFunctionality@1ed6388a]" started-at="2023-02-25T09:15:04 IST" name="teardown" finished-at="2023-02-25T09:15:04 IST" duration-ms="207" status="PASS">
          <reporter-output>
          </reporter-output>
        </test-method> <!-- teardown -->
      </class> <!-- com.Scopex.TestPackage.TC04_VerifyLoginFunctionality -->
    </test> <!-- Test -->
  </suite> <!-- Suite -->
</testng-results>
